Solid Edge Translation to STEP
Date: jueves,marzo 12,2026 12:47p.Ām.
Output File: C:\Users\Roand\Desktop\Ronand\ITLA\Ronand_Peralta_Electiva_2026_C1\tarea 2\SoidEdge\Tapa Del Case Plastico.stp
Author: Unknown
Organization: Unknown
Source System: Solid Edge

Hardware:
Processor: AMD Ryzen 5 5500U with Radeon Graphics         
Operating System: Windows 11 Version:25H2 Build:26200 System Type:64-bit
Installed Memory: 15.32 GB

Software Information
Parasolid Version: 38.0.150
PSBodyShop Version: 38.0.111
Step Adapter Version: 1700.0.0
Solid Edge Version: 226.00.01.004 x64

STEP Export Options
Export Format: AP214
Export Construction Sheets: Off
Export Construction Solids: Off
Export Construction Wires: Off
Export Displayed Parts Only: Off
Export Units: Millimeters
Export Part Component Names As Unicode: Off
Export PMI: Off

Phase 1 of 1 Translating Parasolid to foreign data types...
Translation process completed
Time required to translate:00 : 00 : 00
